\BOOKMARK [0][-]{section*.1}{\376\377\000C\000o\000n\000t\000e\000n\000t\000s}{}% 1
\BOOKMARK [-1][-]{part.1}{\376\377\000F\000i\000n\000i\000t\000e\000\040\000D\000i\000f\000f\000e\000r\000e\000n\000c\000e}{}% 2
\BOOKMARK [0][-]{chapter.1}{\376\377\000F\000i\000n\000i\000t\000e\000\040\000D\000i\000f\000f\000e\000r\000e\000n\000c\000e}{part.1}% 3
\BOOKMARK [1][-]{section.1.1}{\376\377\000S\000c\000h\000e\000m\000e\000s\000\040\000f\000o\000r\000\040\000D\000i\000s\000c\000r\000e\000t\000i\000z\000a\000t\000i\000o\000n}{chapter.1}% 4
\BOOKMARK [0][-]{chapter.2}{\376\377\000H\000e\000a\000t\000\040\000E\000q\000u\000a\000t\000i\000o\000n}{part.1}% 5
\BOOKMARK [1][-]{section.2.1}{\376\377\000M\000a\000t\000l\000a\000b\000\040\000C\000o\000d\000e}{chapter.2}% 6
\BOOKMARK [0][-]{chapter.3}{\376\377\000A\000d\000v\000e\000c\000t\000i\000o\000n\000\040\000D\000i\000f\000f\000u\000s\000i\000o\000n\000\040\000E\000q\000u\000a\000t\000i\000o\000n}{part.1}% 7
\BOOKMARK [1][-]{section.3.1}{\376\377\000M\000a\000t\000l\000a\000b\000\040\000C\000o\000d\000e}{chapter.3}% 8
\BOOKMARK [0][-]{chapter.4}{\376\377\000L\000a\000p\000l\000a\000c\000e\000\040\000E\000q\000u\000a\000t\000i\000o\000n}{part.1}% 9
\BOOKMARK [1][-]{section.4.1}{\376\377\000M\000a\000t\000l\000a\000b\000\040\000C\000o\000d\000e}{chapter.4}% 10
\BOOKMARK [0][-]{chapter.5}{\376\377\000W\000a\000v\000e\000\040\000E\000q\000u\000a\000t\000i\000o\000n}{part.1}% 11
\BOOKMARK [1][-]{section.5.1}{\376\377\000S\000c\000h\000e\000m\000e\000\040\000f\000o\000r\000\040\000I\000n\000i\000t\000i\000a\000l\000\040\000C\000o\000n\000d\000i\000t\000i\000o\000n}{chapter.5}% 12
\BOOKMARK [1][-]{section.5.2}{\376\377\000M\000a\000t\000l\000a\000b\000\040\000C\000o\000d\000e}{chapter.5}% 13
\BOOKMARK [-1][-]{part.2}{\376\377\000I\000n\000i\000t\000a\000l\000\040\000P\000a\000r\000t}{}% 14
\BOOKMARK [0][-]{chapter.6}{\376\377\000N\000u\000m\000e\000r\000i\000c\000a\000l\000\040\000I\000n\000t\000e\000g\000a\000r\000t\000i\000o\000n}{part.2}% 15
\BOOKMARK [1][-]{section.6.1}{\376\377\000C\000o\000d\000e\000\040\000f\000o\000r\000\040\000T\000r\000a\000p\000e\000z\000o\000i\000d\000a\000l\000\040\000R\000u\000l\000e}{chapter.6}% 16
\BOOKMARK [1][-]{section.6.2}{\376\377\000C\000o\000d\000e\000\040\000f\000o\000r\000\040\000S\000i\000m\000p\000s\000o\000n\000'\000s\000\040\0001\000/\0003\000\040\000r\000u\000l\000e}{chapter.6}% 17
\BOOKMARK [1][-]{section.6.3}{\376\377\000C\000o\000d\000e\000\040\000f\000o\000r\000\040\000S\000i\000m\000p\000s\000o\000n\000'\000s\000\040\0003\000/\0008\000\040\000r\000u\000l\000e}{chapter.6}% 18
\BOOKMARK [0][-]{chapter.7}{\376\377\000N\000u\000m\000e\000r\000i\000c\000a\000l\000\040\000S\000o\000l\000u\000t\000i\000o\000n\000\040\000P\000o\000l\000y\000n\000o\000m\000i\000a\000l\000\040\000e\000q\000u\000a\000t\000i\000o\000n\000s}{part.2}% 19
\BOOKMARK [1][-]{section.7.1}{\376\377\000B\000i\000s\000e\000c\000t\000i\000o\000n\000\040\000M\000e\000t\000h\000o\000d}{chapter.7}% 20
\BOOKMARK [1][-]{section.7.2}{\376\377\000N\000e\000w\000t\000o\000n\000\040\000R\000a\000p\000h\000s\000o\000n\000'\000s\000\040\000M\000e\000t\000h\000o\000d}{chapter.7}% 21
\BOOKMARK [0][-]{chapter.8}{\376\377\000N\000u\000m\000e\000r\000i\000c\000a\000l\000\040\000S\000o\000u\000l\000t\000i\000o\000n\000\040\000o\000f\000\040\000O\000D\000E\000s}{part.2}% 22
\BOOKMARK [1][-]{section.8.1}{\376\377\000E\000x\000p\000l\000i\000c\000i\000t\000\040\000E\000u\000l\000e\000r\000\040\000M\000e\000t\000h\000o\000d}{chapter.8}% 23
\BOOKMARK [1][-]{section.8.2}{\376\377\000I\000m\000p\000l\000i\000c\000i\000t\000\040\000E\000u\000l\000e\000r\000\040\000M\000e\000t\000h\000o\000d}{chapter.8}% 24
\BOOKMARK [1][-]{section.8.3}{\376\377\000S\000e\000c\000o\000n\000d\000\040\000o\000r\000d\000e\000r\000\040\000R\000u\000n\000g\000e\000-\000K\000u\000t\000t\000a\000\040\000m\000e\000t\000h\000o\000d}{chapter.8}% 25
\BOOKMARK [1][-]{section.8.4}{\376\377\000F\000o\000u\000r\000t\000h\000\040\000o\000r\000d\000e\000r\000\040\000R\000u\000n\000g\000e\000-\000K\000u\000t\000t\000a\000\040\000M\000e\000t\000h\000o\000d}{chapter.8}% 26
\BOOKMARK [0][-]{chapter.9}{\376\377\000S\000o\000l\000u\000t\000i\000o\000n\000\040\000o\000f\000\040\000S\000y\000s\000t\000e\000m\000\040\000o\000f\000\040\000E\000q\000u\000a\000t\000i\000o\000n\000s}{part.2}% 27
\BOOKMARK [1][-]{section.9.1}{\376\377\000G\000a\000u\000s\000s\000\040\000E\000l\000i\000m\000i\000n\000a\000t\000i\000o\000n\000\040\000M\000e\000t\000h\000o\000d}{chapter.9}% 28
\BOOKMARK [1][-]{section.9.2}{\376\377\000G\000a\000u\000s\000s\000\040\000S\000e\000i\000d\000e\000l\000\040\000M\000e\000t\000h\000o\000d}{chapter.9}% 29
\BOOKMARK [1][-]{section.9.3}{\376\377\000G\000a\000u\000s\000s\000-\000J\000o\000r\000d\000a\000n\000\040\000M\000e\000t\000h\000o\000d}{chapter.9}% 30
\BOOKMARK [0][-]{chapter.10}{\376\377\000G\000r\000a\000d\000i\000n\000g\000\040\000S\000y\000s\000t\000e\000m}{part.2}% 31
